$primary = rgba(97D5A5ff)
$on_primary = rgba(0391Bff)
$primary_container = rgba(13512Dff)
$on_primary_container = rgba(B2F1C0ff)
$inverse_primary = rgba(2F6A43ff)
$primary_fixed = rgba(B2F1C0ff)
$primary_fixed_dim = rgba(97D5A5ff)
$on_primary_fixed = rgba(021Dff)
$on_primary_fixed_variant = rgba(13512Dff)
$secondary = rgba(B6CCB8ff)
$on_secondary = rgba(223526ff)
$secondary_container = rgba(384B3Cff)
$on_secondary_container = rgba(D2E8D3ff)
$secondary_fixed = rgba(D2E8D3ff)
$secondary_fixed_dim = rgba(B6CCB8ff)
$on_secondary_fixed = rgba(D1F13ff)
$on_secondary_fixed_variant = rgba(384B3Cff)
$tertiary = rgba(A2CED9ff)
$on_tertiary = rgba(1363Fff)
$tertiary_container = rgba(204D56ff)
$on_tertiary_container = rgba(BEEAF6ff)
$tertiary_fixed = rgba(BEEAF6ff)
$tertiary_fixed_dim = rgba(A2CED9ff)
$on_tertiary_fixed = rgba(01F26ff)
$on_tertiary_fixed_variant = rgba(204D56ff)
$error = rgba(FFB4ABff)
$on_error = rgba(6905ff)
$error_container = rgba(930Aff)
$on_error_container = rgba(FFDAD6ff)
$surface_dim = rgba(101510ff)
$surface = rgba(101510ff)
$surface_tint = rgba(97D5A5ff)
$surface_bright = rgba(353A35ff)
$surface_container_lowest = rgba(AFBff)
$surface_container_low = rgba(181D18ff)
$surface_container = rgba(1C211Cff)
$surface_container_high = rgba(262B26ff)
$surface_container_highest = rgba(313631ff)
$on_surface = rgba(DFE4DCff)
$on_surface_variant = rgba(C1C9BFff)
$outline = rgba(8B938Aff)
$outline_variant = rgba(414941ff)
$inverse_surface = rgba(DFE4DCff)
$inverse_on_surface = rgba(2D322Dff)
$surface_variant = rgba(414941ff)
$background = rgba(101510ff)
$on_background = rgba(DFE4DCff)
$shadow = rgba(000ff)
$scrim = rgba(000ff)
image = /home/andrew/algdir/godot/generic2d/art/background_1.png
